# JRE version: Java(TM) SE Runtime Environment (17.0.12+8) (build 17.0.12+8-LTS-286)
# Java VM: Java HotSpot(TM) 64-Bit Server VM (17.0.12+8-LTS-286, mixed mode, sharing, tiered, compressed oops, compressed class ptrs, g1 gc, windows-amd64)
GC Precious Log:
 CPUs: 4 total, 4 available
 Memory: 8190M
 Large Page Support: Disabled
 NUMA Support: Disabled
 Compressed Oops: Enabled (32-bit)
 Heap Region Size: 1M
 Heap Min Capacity: 8M
 Heap Initial Capacity: 128M
 Heap Max Capacity: 2G
 Pre-touch: Disabled
 Parallel Workers: 4
 Concurrent Workers: 1
 Concurrent Refinement Workers: 4
 Periodic GC: Disabled
Heap:
 garbage-first heap   total 215040K, used 136191K [0x0000000080000000, 0x0000000100000000)
  region size 1024K, 61 young (62464K), 2 survivors (2048K)
 Metaspace       used 119579K, committed 120512K, reserved 1179648K
  class space    used 15016K, committed 15488K, reserved 1048576K
GC Heap History (20 events):
Event: 271.853 GC heap before
{Heap before GC invocations=46 (full 2):
 garbage-first heap   total 188416K, used 147721K [0x0000000080000000, 0x0000000100000000)
  region size 1024K, 78 young (79872K), 4 survivors (4096K)
 Metaspace       used 113738K, committed 114688K, reserved 1179648K
  class space    used 14695K, committed 15168K, reserved 1048576K
}
Event: 272.076 GC heap after
{Heap after GC invocations=47 (full 2):
 garbage-first heap   total 188416K, used 74976K [0x0000000080000000, 0x0000000100000000)
  region size 1024K, 6 young (6144K), 6 survivors (6144K)
 Metaspace       used 113738K, committed 114688K, reserved 1179648K
  class space    used 14695K, committed 15168K, reserved 1048576K
}
Event: 481.224 GC heap before
{Heap before GC invocations=47 (full 2):
 garbage-first heap   total 188416K, used 141536K [0x0000000080000000, 0x0000000100000000)
  region size 1024K, 72 young (73728K), 6 survivors (6144K)
 Metaspace       used 114425K, committed 115328K, reserved 1179648K
  class space    used 14708K, committed 15168K, reserved 1048576K
}
Event: 481.343 GC heap after
{Heap after GC invocations=48 (full 2):
 garbage-first heap   total 188416K, used 75512K [0x0000000080000000, 0x0000000100000000)
  region size 1024K, 3 young (3072K), 3 survivors (3072K)
 Metaspace       used 114425K, committed 115328K, reserved 1179648K
  class space    used 14708K, committed 15168K, reserved 1048576K
}
Event: 542.589 GC heap before
{Heap before GC invocations=48 (full 2):
 garbage-first heap   total 188416K, used 93944K [0x0000000080000000, 0x0000000100000000)
  region size 1024K, 22 young (22528K), 3 survivors (3072K)
 Metaspace       used 114500K, committed 115456K, reserved 1179648K
  class space    used 14714K, committed 15168K, reserved 1048576K
}
Event: 546.944 GC heap after
{Heap after GC invocations=49 (full 3):
 garbage-first heap   total 188416K, used 64533K [0x0000000080000000, 0x0000000100000000)
  region size 1024K, 0 young (0K), 0 survivors (0K)
 Metaspace       used 114481K, committed 115456K, reserved 1179648K
  class space    used 14711K, committed 15168K, reserved 1048576K
}
Event: 550.327 GC heap before
{Heap before GC invocations=49 (full 3):
 garbage-first heap   total 188416K, used 152597K [0x0000000080000000, 0x0000000100000000)
  region size 1024K, 87 young (89088K), 0 survivors (0K)
 Metaspace       used 115316K, committed 116224K, reserved 1179648K
  class space    used 14773K, committed 15232K, reserved 1048576K
}
Event: 550.383 GC heap after
{Heap after GC invocations=50 (full 3):
 garbage-first heap   total 188416K, used 73284K [0x0000000080000000, 0x0000000100000000)
  region size 1024K, 9 young (9216K), 9 survivors (9216K)
 Metaspace       used 115316K, committed 116224K, reserved 1179648K
  class space    used 14773K, committed 15232K, reserved 1048576K
}
Event: 552.668 GC heap before
{Heap before GC invocations=50 (full 3):
 garbage-first heap   total 188416K, used 152132K [0x0000000080000000, 0x0000000100000000)
  region size 1024K, 85 young (87040K), 9 survivors (9216K)
 Metaspace       used 116104K, committed 117056K, reserved 1179648K
  class space    used 14821K, committed 15296K, reserved 1048576K
}
Event: 552.684 GC heap after
{Heap after GC invocations=51 (full 3):
 garbage-first heap   total 226304K, used 73821K [0x0000000080000000, 0x0000000100000000)
  region size 1024K, 4 young (4096K), 4 survivors (4096K)
 Metaspace       used 116104K, committed 117056K, reserved 1179648K
  class space    used 14821K, committed 15296K, reserved 1048576K
}
Event: 553.830 GC heap before
{Heap before GC invocations=51 (full 3):
 garbage-first heap   total 226304K, used 180317K [0x0000000080000000, 0x0000000100000000)
  region size 1024K, 108 young (110592K), 4 survivors (4096K)
 Metaspace       used 117086K, committed 118016K, reserved 1179648K
  class space    used 14871K, committed 15360K, reserved 1048576K
}
Event: 553.843 GC heap after
{Heap after GC invocations=52 (full 3):
 garbage-first heap   total 226304K, used 81194K [0x0000000080000000, 0x0000000100000000)
  region size 1024K, 12 young (12288K), 12 survivors (12288K)
 Metaspace       used 117086K, committed 118016K, reserved 1179648K
  class space    used 14871K, committed 15360K, reserved 1048576K
}
Event: 769.147 GC heap before
{Heap before GC invocations=52 (full 3):
 garbage-first heap   total 226304K, used 132394K [0x0000000080000000, 0x0000000100000000)
  region size 1024K, 63 young (64512K), 12 survivors (12288K)
 Metaspace       used 117370K, committed 118336K, reserved 1179648K
  class space    used 14884K, committed 15360K, reserved 1048576K
}
Event: 774.468 GC heap after
{Heap after GC invocations=53 (full 4):
 garbage-first heap   total 215040K, used 62143K [0x0000000080000000, 0x0000000100000000)
  region size 1024K, 0 young (0K), 0 survivors (0K)
 Metaspace       used 117354K, committed 118336K, reserved 1179648K
  class space    used 14881K, committed 15360K, reserved 1048576K
}
Event: 798.878 GC heap before
{Heap before GC invocations=53 (full 4):
 garbage-first heap   total 215040K, used 169663K [0x0000000080000000, 0x0000000100000000)
  region size 1024K, 105 young (107520K), 0 survivors (0K)
 Metaspace       used 118221K, committed 119232K, reserved 1179648K
  class space    used 14938K, committed 15424K, reserved 1048576K
}
Event: 798.955 GC heap after
{Heap after GC invocations=54 (full 4):
 garbage-first heap   total 215040K, used 69772K [0x0000000080000000, 0x0000000100000000)
  region size 1024K, 8 young (8192K), 8 survivors (8192K)
 Metaspace       used 118221K, committed 119232K, reserved 1179648K
  class space    used 14938K, committed 15424K, reserved 1048576K
}
Event: 837.216 GC heap before
{Heap before GC invocations=54 (full 4):
 garbage-first heap   total 215040K, used 171148K [0x0000000080000000, 0x0000000100000000)
  region size 1024K, 107 young (109568K), 8 survivors (8192K)
 Metaspace       used 119236K, committed 120192K, reserved 1179648K
  class space    used 14999K, committed 15488K, reserved 1048576K
}
Event: 837.754 GC heap after
{Heap after GC invocations=55 (full 4):
 garbage-first heap   total 215040K, used 75174K [0x0000000080000000, 0x0000000100000000)
  region size 1024K, 13 young (13312K), 13 survivors (13312K)
 Metaspace       used 119236K, committed 120192K, reserved 1179648K
  class space    used 14999K, committed 15488K, reserved 1048576K
}
Event: 838.647 GC heap before
{Heap before GC invocations=55 (full 4):
 garbage-first heap   total 215040K, used 82342K [0x0000000080000000, 0x0000000100000000)
  region size 1024K, 20 young (20480K), 13 survivors (13312K)
 Metaspace       used 119300K, committed 120256K, reserved 1179648K
  class space    used 15002K, committed 15488K, reserved 1048576K
}
Event: 838.861 GC heap after
{Heap after GC invocations=56 (full 4):
 garbage-first heap   total 215040K, used 76799K [0x0000000080000000, 0x0000000100000000)
  region size 1024K, 2 young (2048K), 2 survivors (2048K)
 Metaspace       used 119300K, committed 120256K, reserved 1179648K
  class space    used 15002K, committed 15488K, reserved 1048576K
}

