# JRE version: Java(TM) SE Runtime Environment (17.0.12+8) (build 17.0.12+8-LTS-286)
# Java VM: Java HotSpot(TM) 64-Bit Server VM (17.0.12+8-LTS-286, mixed mode, sharing, tiered, compressed oops, compressed class ptrs, g1 gc, windows-amd64)
GC Precious Log:
 CPUs: 4 total, 4 available
 Memory: 8190M
 Large Page Support: Disabled
 NUMA Support: Disabled
 Compressed Oops: Enabled (32-bit)
 Heap Region Size: 1M
 Heap Min Capacity: 8M
 Heap Initial Capacity: 128M
 Heap Max Capacity: 2G
 Pre-touch: Disabled
 Parallel Workers: 4
 Concurrent Workers: 1
 Concurrent Refinement Workers: 4
 Periodic GC: Disabled
Heap:
 garbage-first heap   total 154624K, used 72374K [0x0000000080000000, 0x0000000100000000)
  region size 1024K, 15 young (15360K), 1 survivors (1024K)
 Metaspace       used 98050K, committed 98752K, reserved 1179648K
  class space    used 13463K, committed 13824K, reserved 1048576K
GC Heap History (20 events):
Event: 9.070 GC heap before
{Heap before GC invocations=20 (full 0):
 garbage-first heap   total 154624K, used 126491K [0x0000000080000000, 0x0000000100000000)
  region size 1024K, 82 young (83968K), 4 survivors (4096K)
 Metaspace       used 84025K, committed 84672K, reserved 1179648K
  class space    used 11674K, committed 11968K, reserved 1048576K
}
Event: 9.080 GC heap after
{Heap after GC invocations=21 (full 0):
 garbage-first heap   total 154624K, used 52847K [0x0000000080000000, 0x0000000100000000)
  region size 1024K, 10 young (10240K), 10 survivors (10240K)
 Metaspace       used 84025K, committed 84672K, reserved 1179648K
  class space    used 11674K, committed 11968K, reserved 1048576K
}
Event: 115.919 GC heap before
{Heap before GC invocations=21 (full 0):
 garbage-first heap   total 154624K, used 121455K [0x0000000080000000, 0x0000000100000000)
  region size 1024K, 77 young (78848K), 10 survivors (10240K)
 Metaspace       used 92673K, committed 93312K, reserved 1179648K
  class space    used 12885K, committed 13184K, reserved 1048576K
}
Event: 116.271 GC heap after
{Heap after GC invocations=22 (full 0):
 garbage-first heap   total 154624K, used 56736K [0x0000000080000000, 0x0000000100000000)
  region size 1024K, 5 young (5120K), 5 survivors (5120K)
 Metaspace       used 92673K, committed 93312K, reserved 1179648K
  class space    used 12885K, committed 13184K, reserved 1048576K
}
Event: 986.841 GC heap before
{Heap before GC invocations=22 (full 0):
 garbage-first heap   total 154624K, used 122272K [0x0000000080000000, 0x0000000100000000)
  region size 1024K, 69 young (70656K), 5 survivors (5120K)
 Metaspace       used 92968K, committed 93632K, reserved 1179648K
  class space    used 12887K, committed 13184K, reserved 1048576K
}
Event: 987.183 GC heap after
{Heap after GC invocations=23 (full 0):
 garbage-first heap   total 154624K, used 56441K [0x0000000080000000, 0x0000000100000000)
  region size 1024K, 5 young (5120K), 5 survivors (5120K)
 Metaspace       used 92968K, committed 93632K, reserved 1179648K
  class space    used 12887K, committed 13184K, reserved 1048576K
}
Event: 1963.843 GC heap before
{Heap before GC invocations=23 (full 0):
 garbage-first heap   total 154624K, used 126073K [0x0000000080000000, 0x0000000100000000)
  region size 1024K, 73 young (74752K), 5 survivors (5120K)
 Metaspace       used 93238K, committed 93888K, reserved 1179648K
  class space    used 12896K, committed 13184K, reserved 1048576K
}
Event: 1964.405 GC heap after
{Heap after GC invocations=24 (full 0):
 garbage-first heap   total 154624K, used 56955K [0x0000000080000000, 0x0000000100000000)
  region size 1024K, 5 young (5120K), 5 survivors (5120K)
 Metaspace       used 93238K, committed 93888K, reserved 1179648K
  class space    used 12896K, committed 13184K, reserved 1048576K
}
Event: 1990.971 GC heap before
{Heap before GC invocations=24 (full 0):
 garbage-first heap   total 154624K, used 59003K [0x0000000080000000, 0x0000000100000000)
  region size 1024K, 7 young (7168K), 5 survivors (5120K)
 Metaspace       used 93240K, committed 93888K, reserved 1179648K
  class space    used 12896K, committed 13184K, reserved 1048576K
}
Event: 1991.034 GC heap after
{Heap after GC invocations=25 (full 0):
 garbage-first heap   total 154624K, used 57427K [0x0000000080000000, 0x0000000100000000)
  region size 1024K, 1 young (1024K), 1 survivors (1024K)
 Metaspace       used 93240K, committed 93888K, reserved 1179648K
  class space    used 12896K, committed 13184K, reserved 1048576K
}
Event: 2691.631 GC heap before
{Heap before GC invocations=25 (full 0):
 garbage-first heap   total 154624K, used 128083K [0x0000000080000000, 0x0000000100000000)
  region size 1024K, 71 young (72704K), 1 survivors (1024K)
 Metaspace       used 97714K, committed 98432K, reserved 1179648K
  class space    used 13462K, committed 13824K, reserved 1048576K
}
Event: 2692.081 GC heap after
{Heap after GC invocations=26 (full 0):
 garbage-first heap   total 154624K, used 58217K [0x0000000080000000, 0x0000000100000000)
  region size 1024K, 2 young (2048K), 2 survivors (2048K)
 Metaspace       used 97714K, committed 98432K, reserved 1179648K
  class space    used 13462K, committed 13824K, reserved 1048576K
}
Event: 2895.091 GC heap before
{Heap before GC invocations=26 (full 0):
 garbage-first heap   total 154624K, used 73577K [0x0000000080000000, 0x0000000100000000)
  region size 1024K, 17 young (17408K), 2 survivors (2048K)
 Metaspace       used 97764K, committed 98496K, reserved 1179648K
  class space    used 13462K, committed 13824K, reserved 1048576K
}
Event: 2895.240 GC heap after
{Heap after GC invocations=27 (full 0):
 garbage-first heap   total 154624K, used 58368K [0x0000000080000000, 0x0000000100000000)
  region size 1024K, 1 young (1024K), 1 survivors (1024K)
 Metaspace       used 97764K, committed 98496K, reserved 1179648K
  class space    used 13462K, committed 13824K, reserved 1048576K
}
Event: 3858.994 GC heap before
{Heap before GC invocations=27 (full 0):
 garbage-first heap   total 154624K, used 131072K [0x0000000080000000, 0x0000000100000000)
  region size 1024K, 72 young (73728K), 1 survivors (1024K)
 Metaspace       used 97898K, committed 98624K, reserved 1179648K
  class space    used 13462K, committed 13824K, reserved 1048576K
}
Event: 3859.232 GC heap after
{Heap after GC invocations=28 (full 0):
 garbage-first heap   total 154624K, used 58894K [0x0000000080000000, 0x0000000100000000)
  region size 1024K, 1 young (1024K), 1 survivors (1024K)
 Metaspace       used 97898K, committed 98624K, reserved 1179648K
  class space    used 13462K, committed 13824K, reserved 1048576K
}
Event: 4140.318 GC heap before
{Heap before GC invocations=28 (full 0):
 garbage-first heap   total 154624K, used 80398K [0x0000000080000000, 0x0000000100000000)
  region size 1024K, 22 young (22528K), 1 survivors (1024K)
 Metaspace       used 97989K, committed 98688K, reserved 1179648K
  class space    used 13463K, committed 13824K, reserved 1048576K
}
Event: 4140.482 GC heap after
{Heap after GC invocations=29 (full 0):
 garbage-first heap   total 154624K, used 59028K [0x0000000080000000, 0x0000000100000000)
  region size 1024K, 1 young (1024K), 1 survivors (1024K)
 Metaspace       used 97989K, committed 98688K, reserved 1179648K
  class space    used 13463K, committed 13824K, reserved 1048576K
}
Event: 4867.409 GC heap before
{Heap before GC invocations=29 (full 0):
 garbage-first heap   total 154624K, used 114324K [0x0000000080000000, 0x0000000100000000)
  region size 1024K, 55 young (56320K), 1 survivors (1024K)
 Metaspace       used 98035K, committed 98752K, reserved 1179648K
  class space    used 13463K, committed 13824K, reserved 1048576K
}
Event: 4867.662 GC heap after
{Heap after GC invocations=30 (full 0):
 garbage-first heap   total 154624K, used 59062K [0x0000000080000000, 0x0000000100000000)
  region size 1024K, 1 young (1024K), 1 survivors (1024K)
 Metaspace       used 98035K, committed 98752K, reserved 1179648K
  class space    used 13463K, committed 13824K, reserved 1048576K
}

