# JRE version: Java(TM) SE Runtime Environment (17.0.12+8) (build 17.0.12+8-LTS-286)
# Java VM: Java HotSpot(TM) 64-Bit Server VM (17.0.12+8-LTS-286, mixed mode, emulated-client, sharing, tiered, compressed oops, compressed class ptrs, g1 gc, windows-amd64)
GC Precious Log:
 CPUs: 4 total, 4 available
 Memory: 8190M
 Large Page Support: Disabled
 NUMA Support: Disabled
 Compressed Oops: Enabled (32-bit)
 Heap Region Size: 1M
 Heap Min Capacity: 8M
 Heap Initial Capacity: 128M
 Heap Max Capacity: 2G
 Pre-touch: Disabled
 Parallel Workers: 4
 Concurrent Workers: 1
 Concurrent Refinement Workers: 4
 Periodic GC: Disabled
Heap:
 garbage-first heap   total 81920K, used 27264K [0x0000000080000000, 0x0000000100000000)
  region size 1024K, 3 young (3072K), 2 survivors (2048K)
 Metaspace       used 28151K, committed 28544K, reserved 1114112K
  class space    used 3941K, committed 4160K, reserved 1048576K
GC Heap History (16 events):
Event: 0.498 GC heap before
{Heap before GC invocations=0 (full 0):
 garbage-first heap   total 131072K, used 16384K [0x0000000080000000, 0x0000000100000000)
  region size 1024K, 13 young (13312K), 0 survivors (0K)
 Metaspace       used 425K, committed 576K, reserved 1114112K
  class space    used 43K, committed 128K, reserved 1048576K
}
Event: 0.504 GC heap after
{Heap after GC invocations=1 (full 0):
 garbage-first heap   total 131072K, used 11188K [0x0000000080000000, 0x0000000100000000)
  region size 1024K, 2 young (2048K), 2 survivors (2048K)
 Metaspace       used 425K, committed 576K, reserved 1114112K
  class space    used 43K, committed 128K, reserved 1048576K
}
Event: 0.938 GC heap before
{Heap before GC invocations=1 (full 0):
 garbage-first heap   total 131072K, used 19380K [0x0000000080000000, 0x0000000100000000)
  region size 1024K, 10 young (10240K), 2 survivors (2048K)
 Metaspace       used 2507K, committed 2688K, reserved 1114112K
  class space    used 298K, committed 384K, reserved 1048576K
}
Event: 0.941 GC heap after
{Heap after GC invocations=2 (full 0):
 garbage-first heap   total 131072K, used 13272K [0x0000000080000000, 0x0000000100000000)
  region size 1024K, 2 young (2048K), 2 survivors (2048K)
 Metaspace       used 2507K, committed 2688K, reserved 1114112K
  class space    used 298K, committed 384K, reserved 1048576K
}
Event: 1.365 GC heap before
{Heap before GC invocations=2 (full 0):
 garbage-first heap   total 131072K, used 31704K [0x0000000080000000, 0x0000000100000000)
  region size 1024K, 17 young (17408K), 2 survivors (2048K)
 Metaspace       used 5029K, committed 5120K, reserved 1114112K
  class space    used 595K, committed 640K, reserved 1048576K
}
Event: 1.371 GC heap after
{Heap after GC invocations=3 (full 0):
 garbage-first heap   total 131072K, used 16523K [0x0000000080000000, 0x0000000100000000)
  region size 1024K, 3 young (3072K), 3 survivors (3072K)
 Metaspace       used 5029K, committed 5120K, reserved 1114112K
  class space    used 595K, committed 640K, reserved 1048576K
}
Event: 2.080 GC heap before
{Heap before GC invocations=3 (full 0):
 garbage-first heap   total 131072K, used 48267K [0x0000000080000000, 0x0000000100000000)
  region size 1024K, 33 young (33792K), 3 survivors (3072K)
 Metaspace       used 8732K, committed 8896K, reserved 1114112K
  class space    used 1152K, committed 1216K, reserved 1048576K
}
Event: 2.085 GC heap after
{Heap after GC invocations=4 (full 0):
 garbage-first heap   total 131072K, used 18223K [0x0000000080000000, 0x0000000100000000)
  region size 1024K, 2 young (2048K), 2 survivors (2048K)
 Metaspace       used 8732K, committed 8896K, reserved 1114112K
  class space    used 1152K, committed 1216K, reserved 1048576K
}
Event: 3.869 GC heap before
{Heap before GC invocations=4 (full 0):
 garbage-first heap   total 131072K, used 89903K [0x0000000080000000, 0x0000000100000000)
  region size 1024K, 73 young (74752K), 2 survivors (2048K)
 Metaspace       used 20211K, committed 20544K, reserved 1114112K
  class space    used 2719K, committed 2880K, reserved 1048576K
}
Event: 3.875 GC heap after
{Heap after GC invocations=5 (full 0):
 garbage-first heap   total 131072K, used 22201K [0x0000000080000000, 0x0000000100000000)
  region size 1024K, 6 young (6144K), 6 survivors (6144K)
 Metaspace       used 20211K, committed 20544K, reserved 1114112K
  class space    used 2719K, committed 2880K, reserved 1048576K
}
Event: 3.960 GC heap before
{Heap before GC invocations=5 (full 0):
 garbage-first heap   total 131072K, used 29369K [0x0000000080000000, 0x0000000100000000)
  region size 1024K, 14 young (14336K), 6 survivors (6144K)
 Metaspace       used 21237K, committed 21504K, reserved 1114112K
  class space    used 2884K, committed 3008K, reserved 1048576K
}
Event: 3.965 GC heap after
{Heap after GC invocations=6 (full 0):
 garbage-first heap   total 131072K, used 23009K [0x0000000080000000, 0x0000000100000000)
  region size 1024K, 5 young (5120K), 5 survivors (5120K)
 Metaspace       used 21237K, committed 21504K, reserved 1114112K
  class space    used 2884K, committed 3008K, reserved 1048576K
}
Event: 5.056 GC heap before
{Heap before GC invocations=7 (full 0):
 garbage-first heap   total 81920K, used 67041K [0x0000000080000000, 0x0000000100000000)
  region size 1024K, 48 young (49152K), 5 survivors (5120K)
 Metaspace       used 24036K, committed 24320K, reserved 1114112K
  class space    used 3287K, committed 3392K, reserved 1048576K
}
Event: 5.065 GC heap after
{Heap after GC invocations=8 (full 0):
 garbage-first heap   total 81920K, used 25628K [0x0000000080000000, 0x0000000100000000)
  region size 1024K, 4 young (4096K), 4 survivors (4096K)
 Metaspace       used 24036K, committed 24320K, reserved 1114112K
  class space    used 3287K, committed 3392K, reserved 1048576K
}
Event: 5.976 GC heap before
{Heap before GC invocations=8 (full 0):
 garbage-first heap   total 81920K, used 59420K [0x0000000080000000, 0x0000000100000000)
  region size 1024K, 38 young (38912K), 4 survivors (4096K)
 Metaspace       used 28134K, committed 28544K, reserved 1114112K
  class space    used 3938K, committed 4160K, reserved 1048576K
}
Event: 5.986 GC heap after
{Heap after GC invocations=9 (full 0):
 garbage-first heap   total 81920K, used 27264K [0x0000000080000000, 0x0000000100000000)
  region size 1024K, 2 young (2048K), 2 survivors (2048K)
 Metaspace       used 28134K, committed 28544K, reserved 1114112K
  class space    used 3938K, committed 4160K, reserved 1048576K
}

